<?xml version="1.0" encoding="UTF-8"?>
<!-- Generated by org.testng.reporters.JUnitReportReporter -->
<testsuite skipped="0" hostname="QPaaSICNV1559" name="com.roi.selenium.Demo1" tests="1" failures="0" timestamp="03 Jul 2018 09:33:40 GMT" time="61.247" errors="0">
  <testcase name="test" time="61.247" classname="com.roi.selenium.Demo1"/>
</testsuite> <!-- com.roi.selenium.Demo1 -->
