<?xml version="1.0" encoding="UTF-8"?>
<!-- Generated by org.testng.reporters.JUnitReportReporter -->
<testsuite skipped="0" hostname="QPaaSICNV1559" name="com.roi.selenium.Demo1" tests="1" failures="0" timestamp="10 Jul 2018 06:13:56 GMT" time="56.113" errors="0">
  <testcase name="test" time="56.113" classname="com.roi.selenium.Demo1"/>
</testsuite> <!-- com.roi.selenium.Demo1 -->
